app/build/outputs/mapping/release/seeds.txt
com.herokuapp.geldmaschine.DelegationService
com.herokuapp.geldmaschine.Application: Application()
com.herokuapp.geldmaschine.LauncherActivity: LauncherActivity()
com.herokuapp.geldmaschine.Application
com.herokuapp.geldmaschine.DelegationService: DelegationService()
com.herokuapp.geldmaschine.LauncherActivity
...
androidx.core.content.FileProvider
android.support.v4.graphics.drawable.IconCompatParcelizer: androidx.core.graphics.drawable.IconCompat read(androidx.versionedparcelable.VersionedParcel)
com.google.androidbrowserhelper.trusted.FocusActivity
android.support.v4.app.RemoteActionCompatParcelizer: androidx.core.app.RemoteActionCompat read(androidx.versionedparcelable.VersionedParcel)
androidx.lifecycle.CompositeGeneratedAdaptersObserver
android.support.v4.graphics.drawable.IconCompatParcelizer
androidx.core.content.FileProvider: FileProvider()
android.support.v4.graphics.drawable.IconCompatParcelizer: void write(androidx.core.graphics.drawable.IconCompat,androidx.versionedparcelable.VersionedParcel)
androidx.core.app.RemoteActionCompat: RemoteActionCompat()
androidx.core.graphics.drawable.IconCompatParcelizer: androidx.core.graphics.drawable.IconCompat read(androidx.versionedparcelable.VersionedParcel)
androidx.lifecycle.ReflectiveGenericLifecycleObserver
androidx.core.app.CoreComponentFactory
androidx.core.app.RemoteActionCompatParcelizer
androidx.browser.browseractions.BrowserActionsFallbackMenuView
com.google.androidbrowserhelper.trusted.ManageDataLauncherActivity
androidx.core.graphics.drawable.IconCompatParcelizer
com.google.androidbrowserhelper.trusted.FocusActivity: FocusActivity()
android.support.v4.app.RemoteActionCompatParcelizer
androidx.versionedparcelable.ParcelImpl: android.os.Parcelable$Creator CREATOR
androidx.core.app.RemoteActionCompatParcelizer: RemoteActionCompatParcelizer()
androidx.lifecycle.FullLifecycleObserverAdapter
androidx.core.graphics.drawable.IconCompatParcelizer: IconCompatParcelizer()
androidx.core.graphics.drawable.IconCompatParcelizer: void write(androidx.core.graphics.drawable.IconCompat,androidx.versionedparcelable.VersionedParcel)
android.support.v4.app.RemoteActionCompatParcelizer: RemoteActionCompatParcelizer()
androidx.lifecycle.SingleGeneratedAdapterObserver
android.support.v4.app.RemoteActionCompatParcelizer: void write(androidx.core.app.RemoteActionCompat,androidx.versionedparcelable.VersionedParcel)
androidx.core.app.RemoteActionCompatParcelizer: void write(androidx.core.app.RemoteActionCompat,androidx.versionedparcelable.VersionedParcel)
androidx.versionedparcelable.ParcelImpl
com.google.androidbrowserhelper.trusted.LauncherActivity: LauncherActivity()
androidx.core.graphics.drawable.IconCompat
com.google.androidbrowserhelper.trusted.DelegationService: DelegationService()
com.google.androidbrowserhelper.trusted.ManageDataLauncherActivity: ManageDataLauncherActivity()
androidx.core.app.RemoteActionCompatParcelizer: androidx.core.app.RemoteActionCompat read(androidx.versionedparcelable.VersionedParcel)
androidx.browser.browseractions.BrowserActionsFallbackMenuView: BrowserActionsFallbackMenuView(android.content.Context,android.util.AttributeSet)
androidx.annotation.Keep
android.support.v4.graphics.drawable.IconCompatParcelizer: IconCompatParcelizer()
androidx.browser.trusted.TrustedWebActivityService: TrustedWebActivityService()
com.google.androidbrowserhelper.trusted.WebViewFallbackActivity
androidx.core.app.RemoteActionCompat
androidx.versionedparcelable.CustomVersionedParcelable
androidx.versionedparcelable.CustomVersionedParcelable: CustomVersionedParcelable()
androidx.core.graphics.drawable.IconCompat: IconCompat()
androidx.core.app.CoreComponentFactory: CoreComponentFactory()
com.google.androidbrowserhelper.trusted.WebViewFallbackActivity: WebViewFallbackActivity()