app/build/outputs/mapping/release/mapping.txt
# compiler: R8
# compiler_version: 2.1.86
# min_api: 19
# pg_map_id: d21118d
# common_typos_disable
com.herokuapp.geldmaschine.LauncherActivity -> com.herokuapp.geldmaschine.LauncherActivity:
    android.net.Uri getLaunchingUrl() -> f
...
android.support.customtabs.trusted.ITrustedWebActivityCallback -> a.a.a.c.a:
android.support.customtabs.trusted.ITrustedWebActivityCallback$Stub -> a.a.a.c.a$a:
    android.support.customtabs.trusted.ITrustedWebActivityCallback asInterface(android.os.IBinder) -> s
android.support.customtabs.trusted.ITrustedWebActivityCallback$Stub$Proxy -> a.a.a.c.a$a$a:
    android.os.IBinder mRemote -> a
android.support.customtabs.trusted.ITrustedWebActivityService -> a.a.a.c.b:
    android.os.Bundle areNotificationsEnabled(android.os.Bundle) -> a
    android.os.Bundle getActiveNotifications() -> d
    int getSmallIconId() -> g
    void cancelNotification(android.os.Bundle) -> h
    android.os.Bundle extraCommand(java.lang.String,android.os.Bundle,android.os.IBinder) -> i
    android.os.Bundle notifyNotificationWithChannel(android.os.Bundle) -> n
    android.os.Bundle getSmallIconBitmap() -> p
android.support.customtabs.trusted.ITrustedWebActivityService$Stub -> a.a.a.c.b$a:
androidx.browser.R$dimen -> b.a.a:
    int browser_actions_context_menu_min_padding -> b
    int browser_actions_context_menu_max_width -> a
androidx.browser.browseractions.BrowserActionsFallbackMenuView -> androidx.browser.browseractions.BrowserActionsFallbackMenuView:
    int mBrowserActionsMenuMaxWidthPx -> b
    int mBrowserActionsMenuMinPaddingPx -> a
androidx.browser.customtabs.CustomTabColorSchemeParams -> b.a.b.a:
    java.lang.Integer navigationBarColor -> c
    java.lang.Integer navigationBarDividerColor -> d
    java.lang.Integer toolbarColor -> a
    java.lang.Integer secondaryToolbarColor -> b
    androidx.browser.customtabs.CustomTabColorSchemeParams fromBundle(android.os.Bundle) -> a
    android.os.Bundle toBundle() -> b
    androidx.browser.customtabs.CustomTabColorSchemeParams withDefaults(androidx.browser.customtabs.CustomTabColorSchemeParams) -> c
androidx.browser.customtabs.CustomTabColorSchemeParams$Builder -> b.a.b.a$a:
    java.lang.Integer mNavigationBarColor -> c
    java.lang.Integer mNavigationBarDividerColor -> d
    java.lang.Integer mToolbarColor -> a
    java.lang.Integer mSecondaryToolbarColor -> b
    androidx.browser.customtabs.CustomTabColorSchemeParams build() -> a
    androidx.browser.customtabs.CustomTabColorSchemeParams$Builder setNavigationBarColor(int) -> b
    androidx.browser.customtabs.CustomTabColorSchemeParams$Builder setNavigationBarDividerColor(int) -> c
    androidx.browser.customtabs.CustomTabColorSchemeParams$Builder setToolbarColor(int) -> d
androidx.browser.customtabs.CustomTabsCallback -> b.a.b.b:
    void extraCallback(java.lang.String,android.os.Bundle) -> a
    android.os.Bundle extraCallbackWithResult(java.lang.String,android.os.Bundle) -> b
    void onMessageChannelReady(android.os.Bundle) -> c
    void onNavigationEvent(int,android.os.Bundle) -> d
    void onPostMessage(java.lang.String,android.os.Bundle) -> e
    void onRelationshipValidationResult(int,android.net.Uri,boolean,android.os.Bundle) -> f