app/build/outputs/mapping/release/usage.txt
com.herokuapp.geldmaschine.R$layout
com.herokuapp.geldmaschine.R$dimen
com.herokuapp.geldmaschine.R$xml
com.herokuapp.geldmaschine.R$string
com.herokuapp.geldmaschine.R$styleable
com.herokuapp.geldmaschine.R$id
com.herokuapp.geldmaschine.R$bool
com.herokuapp.geldmaschine.R$integer
com.herokuapp.geldmaschine.R$attr
com.herokuapp.geldmaschine.R$drawable
com.herokuapp.geldmaschine.R
com.herokuapp.geldmaschine.R$mipmap
com.herokuapp.geldmaschine.R$color
com.herokuapp.geldmaschine.R$style
com.herokuapp.geldmaschine.R$raw
com.herokuapp.geldmaschine.BuildConfig
...
androidx.core.app.NotificationCompat$DecoratedCustomViewStyle
androidx.browser.browseractions.BrowserServiceFileProvider$FileCleanupTask
androidx.core.widget.ImageViewCompat
androidx.browser.customtabs.CustomTabsIntent:
    public static int getMaxToolbarItems()
    public static android.content.Intent setAlwaysUseBrowserUI(android.content.Intent)
    public static boolean shouldAlwaysUseBrowserUI(android.content.Intent)
    private static final java.lang.String EXTRA_USER_OPT_OUT_FROM_CUSTOM_TABS
    public static final java.lang.String EXTRA_SESSION
    public static final java.lang.String EXTRA_SESSION_ID
    public static final int COLOR_SCHEME_SYSTEM
    public static final int COLOR_SCHEME_LIGHT
    public static final int COLOR_SCHEME_DARK
    private static final int COLOR_SCHEME_MAX
    public static final java.lang.String EXTRA_COLOR_SCHEME
    public static final java.lang.String EXTRA_TOOLBAR_COLOR
    public static final java.lang.String EXTRA_ENABLE_URLBAR_HIDING
    public static final java.lang.String EXTRA_CLOSE_BUTTON_ICON
    public static final java.lang.String EXTRA_TITLE_VISIBILITY_STATE
    public static final int NO_TITLE
    public static final int SHOW_PAGE_TITLE
    public static final java.lang.String EXTRA_ACTION_BUTTON_BUNDLE
    public static final java.lang.String EXTRA_TOOLBAR_ITEMS
    public static final java.lang.String EXTRA_SECONDARY_TOOLBAR_COLOR
    public static final java.lang.String KEY_ICON
    public static final java.lang.String KEY_DESCRIPTION
    public static final java.lang.String KEY_PENDING_INTENT
    public static final java.lang.String EXTRA_TINT_ACTION_BUTTON
androidx.core.view.ViewCompat$FocusDirection
androidx.annotation.RestrictTo$Scope
androidx.core.text.TextDirectionHeuristicsCompat$TextDirectionHeuristicInternal
androidx.core.widget.ContentLoadingProgressBar
androidx.versionedparcelable.ParcelImpl:
    public void <init>(androidx.versionedparcelable.VersionedParcelable)
    public androidx.versionedparcelable.VersionedParcelable getVersionedParcel()
androidx.annotation.StyleableRes
androidx.core.view.ViewCompat$2
androidx.core.provider.FontsContractCompat$4
androidx.core.app.NotificationCompatJellybean
androidx.browser.trusted.TrustedWebActivityServiceConnection$ResultArgs:
    public static androidx.browser.trusted.TrustedWebActivityServiceConnection$ResultArgs fromBundle(android.os.Bundle)
androidx.browser.browseractions.BrowserServiceFileProvider$1
androidx.core.text.HtmlCompat
androidx.core.view.accessibility.AccessibilityRecordCompat
androidx.versionedparcelable.VersionedParcelStream$FieldBuffer
androidx.core.view.animation.PathInterpolatorApi14
androidx.core.content.ContextCompat$MainHandlerExecutor
androidx.core.app.JobIntentService
androidx.browser.trusted.splashscreens.SplashScreenParamKey
androidx.core.view.accessibility.AccessibilityViewCommand$SetTextArguments
androidx.core.view.ViewConfigurationCompat
androidx.annotation.FractionRes
androidx.browser.browseractions.BrowserActionsFallbackMenuUi$1
androidx.core.os.HandlerCompat
androidx.core.provider.FontsContractCompat$4$4
androidx.annotation.DimenRes
androidx.arch.core.internal.SafeIterableMap$AscendingIterator
androidx.core.app.NotificationCompat$MessagingStyle
androidx.core.app.NotificationManagerCompat$SideChannelManager
androidx.browser.customtabs.PostMessageServiceConnection
androidx.concurrent.futures.CallbackToFutureAdapter$SafeFuture
androidx.annotation.FloatRange